<?xml version="1.0" encoding="UTF-8" ?>
<testsuite errors="0" failures="0" hostname="marinat-9330-lap" name="TicTacToeP.TicTacToeTest" skipped="0" tests="5" time="0.012" timestamp="2025-01-20T19:55:15">
  <properties>
[...]
</properties>
  <testcase classname="TicTacToeP.TicTacToeTest" name="verifyBoardSizeTest" time="0.001" />
  <testcase classname="TicTacToeP.TicTacToeTest" name="handleWinnerTest" time="0.007" />
  <testcase classname="TicTacToeP.TicTacToeTest" name="isValidPositionTest" time="0.0" />
  <testcase classname="TicTacToeP.TicTacToeTest" name="isFullTest" time="0.001" />
  <testcase classname="TicTacToeP.TicTacToeTest" name="checkWinner" time="0.0" />
  <system-out><![CDATA[Congratulations, Alice! You won this game.
Current Scores:
Alice: 1 win(s)
Bob: 0 win(s)
Congratulations, Bob! You won this game.
Current Scores:
Alice: 1 win(s)
Bob: 1 win(s)
Congratulations, Alice! You won this game.
Current Scores:
Alice: 2 win(s)
Bob: 1 win(s)
Congratulations, Alice! You won this game.
Current Scores:
Alice: 3 win(s)
Bob: 1 win(s)
Congratulations, Bob! You won this game.
Current Scores:
Alice: 3 win(s)
Bob: 2 win(s)
]]></system-out>
  <system-err><![CDATA[]]></system-err>
</testsuite>
